# JRE version: Java(TM) SE Runtime Environment (17.0+35) (build 17+35-LTS-2724)
# Java VM: Java HotSpot(TM) 64-Bit Server VM (17+35-LTS-2724, mixed mode, sharing, tiered, compressed oops, compressed class ptrs, parallel gc, windows-amd64)
GC Precious Log:
 CPUs: 4 total, 4 available
 Memory: 3838M
 Large Page Support: Disabled
 NUMA Support: Disabled
 Compressed Oops: Enabled (32-bit)
 Alignments: Space 512K, Generation 512K, Heap 2M
 Heap Min Capacity: 100M
 Heap Initial Capacity: 100M
 Heap Max Capacity: 1G
 Pre-touch: Disabled
 Parallel Workers: 4
Heap:
 PSYoungGen      total 64000K, used 21488K [0x00000000eab00000, 0x00000000f2200000, 0x0000000100000000)
  eden space 42496K, 0% used [0x00000000eab00000,0x00000000eab00000,0x00000000ed480000)
  from space 21504K, 99% used [0x00000000ed480000,0x00000000ee97c360,0x00000000ee980000)
  to   space 39424K, 0% used [0x00000000efb80000,0x00000000efb80000,0x00000000f2200000)
 ParOldGen       total 288256K, used 287184K [0x00000000c0000000, 0x00000000d1980000, 0x00000000eab00000)
  object space 288256K, 99% used [0x00000000c0000000,0x00000000d1874370,0x00000000d1980000)
 Metaspace       used 48812K, committed 49728K, reserved 1097728K
  class space    used 5238K, committed 5568K, reserved 1048576K
GC Heap History (20 events):
Event: 17.236 GC heap after
{Heap after GC invocations=147 (full 9):
 PSYoungGen      total 34304K, used 9209K [0x00000000eab00000, 0x00000000ee080000, 0x0000000100000000)
  eden space 25088K, 0% used [0x00000000eab00000,0x00000000eab00000,0x00000000ec380000)
  from space 9216K, 99% used [0x00000000ec380000,0x00000000ecc7e508,0x00000000ecc80000)
  to   space 14336K, 0% used [0x00000000ed280000,0x00000000ed280000,0x00000000ee080000)
 ParOldGen       total 242176K, used 228254K [0x00000000c0000000, 0x00000000cec80000, 0x00000000eab00000)
  object space 242176K, 94% used [0x00000000c0000000,0x00000000cdee7860,0x00000000cec80000)
 Metaspace       used 48785K, committed 49664K, reserved 1097728K
  class space    used 5237K, committed 5568K, reserved 1048576K
}
Event: 17.347 GC heap before
{Heap before GC invocations=148 (full 9):
 PSYoungGen      total 34304K, used 34297K [0x00000000eab00000, 0x00000000ee080000, 0x0000000100000000)
  eden space 25088K, 100% used [0x00000000eab00000,0x00000000ec380000,0x00000000ec380000)
  from space 9216K, 99% used [0x00000000ec380000,0x00000000ecc7e508,0x00000000ecc80000)
  to   space 14336K, 0% used [0x00000000ed280000,0x00000000ed280000,0x00000000ee080000)
 ParOldGen       total 242176K, used 228254K [0x00000000c0000000, 0x00000000cec80000, 0x00000000eab00000)
  object space 242176K, 94% used [0x00000000c0000000,0x00000000cdee7860,0x00000000cec80000)
 Metaspace       used 48785K, committed 49664K, reserved 1097728K
  class space    used 5237K, committed 5568K, reserved 1048576K
}
Event: 17.357 GC heap after
{Heap after GC invocations=148 (full 9):
 PSYoungGen      total 36864K, used 9433K [0x00000000eab00000, 0x00000000edc00000, 0x0000000100000000)
  eden space 27136K, 0% used [0x00000000eab00000,0x00000000eab00000,0x00000000ec580000)
  from space 9728K, 96% used [0x00000000ed280000,0x00000000edbb64a8,0x00000000edc00000)
  to   space 10752K, 0% used [0x00000000ec700000,0x00000000ec700000,0x00000000ed180000)
 ParOldGen       total 242176K, used 233779K [0x00000000c0000000, 0x00000000cec80000, 0x00000000eab00000)
  object space 242176K, 96% used [0x00000000c0000000,0x00000000ce44cd00,0x00000000cec80000)
 Metaspace       used 48785K, committed 49664K, reserved 1097728K
  class space    used 5237K, committed 5568K, reserved 1048576K
}
Event: 17.437 GC heap before
{Heap before GC invocations=149 (full 9):
 PSYoungGen      total 36864K, used 36569K [0x00000000eab00000, 0x00000000edc00000, 0x0000000100000000)
  eden space 27136K, 100% used [0x00000000eab00000,0x00000000ec580000,0x00000000ec580000)
  from space 9728K, 96% used [0x00000000ed280000,0x00000000edbb64a8,0x00000000edc00000)
  to   space 10752K, 0% used [0x00000000ec700000,0x00000000ec700000,0x00000000ed180000)
 ParOldGen       total 242176K, used 233779K [0x00000000c0000000, 0x00000000cec80000, 0x00000000eab00000)
  object space 242176K, 96% used [0x00000000c0000000,0x00000000ce44cd00,0x00000000cec80000)
 Metaspace       used 48785K, committed 49664K, reserved 1097728K
  class space    used 5237K, committed 5568K, reserved 1048576K
}
Event: 17.445 GC heap after
{Heap after GC invocations=149 (full 9):
 PSYoungGen      total 39424K, used 10728K [0x00000000eab00000, 0x00000000ee880000, 0x0000000100000000)
  eden space 28672K, 0% used [0x00000000eab00000,0x00000000eab00000,0x00000000ec700000)
  from space 10752K, 99% used [0x00000000ec700000,0x00000000ed17a208,0x00000000ed180000)
  to   space 16896K, 0% used [0x00000000ed800000,0x00000000ed800000,0x00000000ee880000)
 ParOldGen       total 242176K, used 238526K [0x00000000c0000000, 0x00000000cec80000, 0x00000000eab00000)
  object space 242176K, 98% used [0x00000000c0000000,0x00000000ce8ef9e8,0x00000000cec80000)
 Metaspace       used 48785K, committed 49664K, reserved 1097728K
  class space    used 5237K, committed 5568K, reserved 1048576K
}
Event: 17.445 GC heap before
{Heap before GC invocations=150 (full 10):
 PSYoungGen      total 39424K, used 10728K [0x00000000eab00000, 0x00000000ee880000, 0x0000000100000000)
  eden space 28672K, 0% used [0x00000000eab00000,0x00000000eab00000,0x00000000ec700000)
  from space 10752K, 99% used [0x00000000ec700000,0x00000000ed17a208,0x00000000ed180000)
  to   space 16896K, 0% used [0x00000000ed800000,0x00000000ed800000,0x00000000ee880000)
 ParOldGen       total 242176K, used 238526K [0x00000000c0000000, 0x00000000cec80000, 0x00000000eab00000)
  object space 242176K, 98% used [0x00000000c0000000,0x00000000ce8ef9e8,0x00000000cec80000)
 Metaspace       used 48785K, committed 49664K, reserved 1097728K
  class space    used 5237K, committed 5568K, reserved 1048576K
}
Event: 17.644 GC heap after
{Heap after GC invocations=150 (full 10):
 PSYoungGen      total 39424K, used 5410K [0x00000000eab00000, 0x00000000eea80000, 0x0000000100000000)
  eden space 28672K, 0% used [0x00000000eab00000,0x00000000eab00000,0x00000000ec700000)
  from space 10752K, 50% used [0x00000000ec700000,0x00000000ecc48900,0x00000000ed180000)
  to   space 16896K, 0% used [0x00000000eda00000,0x00000000eda00000,0x00000000eea80000)
 ParOldGen       total 288256K, used 241693K [0x00000000c0000000, 0x00000000d1980000, 0x00000000eab00000)
  object space 288256K, 83% used [0x00000000c0000000,0x00000000cec07760,0x00000000d1980000)
 Metaspace       used 48785K, committed 49664K, reserved 1097728K
  class space    used 5237K, committed 5568K, reserved 1048576K
}
Event: 17.706 GC heap before
{Heap before GC invocations=151 (full 10):
 PSYoungGen      total 39424K, used 34082K [0x00000000eab00000, 0x00000000eea80000, 0x0000000100000000)
  eden space 28672K, 100% used [0x00000000eab00000,0x00000000ec700000,0x00000000ec700000)
  from space 10752K, 50% used [0x00000000ec700000,0x00000000ecc48900,0x00000000ed180000)
  to   space 16896K, 0% used [0x00000000eda00000,0x00000000eda00000,0x00000000eea80000)
 ParOldGen       total 288256K, used 241693K [0x00000000c0000000, 0x00000000d1980000, 0x00000000eab00000)
  object space 288256K, 83% used [0x00000000c0000000,0x00000000cec07760,0x00000000d1980000)
 Metaspace       used 48785K, committed 49664K, reserved 1097728K
  class space    used 5237K, committed 5568K, reserved 1048576K
}
Event: 17.728 GC heap after
{Heap after GC invocations=151 (full 10):
 PSYoungGen      total 39936K, used 8339K [0x00000000eab00000, 0x00000000ee280000, 0x0000000100000000)
  eden space 31232K, 0% used [0x00000000eab00000,0x00000000eab00000,0x00000000ec980000)
  from space 8704K, 95% used [0x00000000eda00000,0x00000000ee224f38,0x00000000ee280000)
  to   space 11264K, 0% used [0x00000000ecc80000,0x00000000ecc80000,0x00000000ed780000)
 ParOldGen       total 288256K, used 245207K [0x00000000c0000000, 0x00000000d1980000, 0x00000000eab00000)
  object space 288256K, 85% used [0x00000000c0000000,0x00000000cef75d30,0x00000000d1980000)
 Metaspace       used 48785K, committed 49664K, reserved 1097728K
  class space    used 5237K, committed 5568K, reserved 1048576K
}
Event: 17.825 GC heap before
{Heap before GC invocations=152 (full 10):
 PSYoungGen      total 39936K, used 39571K [0x00000000eab00000, 0x00000000ee280000, 0x0000000100000000)
  eden space 31232K, 100% used [0x00000000eab00000,0x00000000ec980000,0x00000000ec980000)
  from space 8704K, 95% used [0x00000000eda00000,0x00000000ee224f38,0x00000000ee280000)
  to   space 11264K, 0% used [0x00000000ecc80000,0x00000000ecc80000,0x00000000ed780000)
 ParOldGen       total 288256K, used 245207K [0x00000000c0000000, 0x00000000d1980000, 0x00000000eab00000)
  object space 288256K, 85% used [0x00000000c0000000,0x00000000cef75d30,0x00000000d1980000)
 Metaspace       used 48790K, committed 49664K, reserved 1097728K
  class space    used 5237K, committed 5568K, reserved 1048576K
}
Event: 17.837 GC heap after
{Heap after GC invocations=152 (full 10):
 PSYoungGen      total 45056K, used 11240K [0x00000000eab00000, 0x00000000eee00000, 0x0000000100000000)
  eden space 33792K, 0% used [0x00000000eab00000,0x00000000eab00000,0x00000000ecc00000)
  from space 11264K, 99% used [0x00000000ecc80000,0x00000000ed77a3b0,0x00000000ed780000)
  to   space 17408K, 0% used [0x00000000edd00000,0x00000000edd00000,0x00000000eee00000)
 ParOldGen       total 288256K, used 249674K [0x00000000c0000000, 0x00000000d1980000, 0x00000000eab00000)
  object space 288256K, 86% used [0x00000000c0000000,0x00000000cf3d2aa8,0x00000000d1980000)
 Metaspace       used 48790K, committed 49664K, reserved 1097728K
  class space    used 5237K, committed 5568K, reserved 1048576K
}
Event: 17.985 GC heap before
{Heap before GC invocations=153 (full 10):
 PSYoungGen      total 45056K, used 45032K [0x00000000eab00000, 0x00000000eee00000, 0x0000000100000000)
  eden space 33792K, 100% used [0x00000000eab00000,0x00000000ecc00000,0x00000000ecc00000)
  from space 11264K, 99% used [0x00000000ecc80000,0x00000000ed77a3b0,0x00000000ed780000)
  to   space 17408K, 0% used [0x00000000edd00000,0x00000000edd00000,0x00000000eee00000)
 ParOldGen       total 288256K, used 249674K [0x00000000c0000000, 0x00000000d1980000, 0x00000000eab00000)
  object space 288256K, 86% used [0x00000000c0000000,0x00000000cf3d2aa8,0x00000000d1980000)
 Metaspace       used 48790K, committed 49664K, reserved 1097728K
  class space    used 5237K, committed 5568K, reserved 1048576K
}
Event: 18.013 GC heap after
{Heap after GC invocations=153 (full 10):
 PSYoungGen      total 51200K, used 13153K [0x00000000eab00000, 0x00000000eeb00000, 0x0000000100000000)
  eden space 36864K, 0% used [0x00000000eab00000,0x00000000eab00000,0x00000000ecf00000)
  from space 14336K, 91% used [0x00000000edd00000,0x00000000ee9d8570,0x00000000eeb00000)
  to   space 14336K, 0% used [0x00000000ecf00000,0x00000000ecf00000,0x00000000edd00000)
 ParOldGen       total 288256K, used 255532K [0x00000000c0000000, 0x00000000d1980000, 0x00000000eab00000)
  object space 288256K, 88% used [0x00000000c0000000,0x00000000cf98b298,0x00000000d1980000)
 Metaspace       used 48790K, committed 49664K, reserved 1097728K
  class space    used 5237K, committed 5568K, reserved 1048576K
}
Event: 18.296 GC heap before
{Heap before GC invocations=154 (full 10):
 PSYoungGen      total 51200K, used 50017K [0x00000000eab00000, 0x00000000eeb00000, 0x0000000100000000)
  eden space 36864K, 100% used [0x00000000eab00000,0x00000000ecf00000,0x00000000ecf00000)
  from space 14336K, 91% used [0x00000000edd00000,0x00000000ee9d8570,0x00000000eeb00000)
  to   space 14336K, 0% used [0x00000000ecf00000,0x00000000ecf00000,0x00000000edd00000)
 ParOldGen       total 288256K, used 255532K [0x00000000c0000000, 0x00000000d1980000, 0x00000000eab00000)
  object space 288256K, 88% used [0x00000000c0000000,0x00000000cf98b298,0x00000000d1980000)
 Metaspace       used 48790K, committed 49664K, reserved 1097728K
  class space    used 5237K, committed 5568K, reserved 1048576K
}
Event: 18.312 GC heap after
{Heap after GC invocations=154 (full 10):
 PSYoungGen      total 51200K, used 14327K [0x00000000eab00000, 0x00000000f0400000, 0x0000000100000000)
  eden space 36864K, 0% used [0x00000000eab00000,0x00000000eab00000,0x00000000ecf00000)
  from space 14336K, 99% used [0x00000000ecf00000,0x00000000edcfdfa0,0x00000000edd00000)
  to   space 25600K, 0% used [0x00000000eeb00000,0x00000000eeb00000,0x00000000f0400000)
 ParOldGen       total 288256K, used 264758K [0x00000000c0000000, 0x00000000d1980000, 0x00000000eab00000)
  object space 288256K, 91% used [0x00000000c0000000,0x00000000d028d8f0,0x00000000d1980000)
 Metaspace       used 48790K, committed 49664K, reserved 1097728K
  class space    used 5237K, committed 5568K, reserved 1048576K
}
Event: 18.406 GC heap before
{Heap before GC invocations=155 (full 10):
 PSYoungGen      total 51200K, used 51191K [0x00000000eab00000, 0x00000000f0400000, 0x0000000100000000)
  eden space 36864K, 100% used [0x00000000eab00000,0x00000000ecf00000,0x00000000ecf00000)
  from space 14336K, 99% used [0x00000000ecf00000,0x00000000edcfdfa0,0x00000000edd00000)
  to   space 25600K, 0% used [0x00000000eeb00000,0x00000000eeb00000,0x00000000f0400000)
 ParOldGen       total 288256K, used 264758K [0x00000000c0000000, 0x00000000d1980000, 0x00000000eab00000)
  object space 288256K, 91% used [0x00000000c0000000,0x00000000d028d8f0,0x00000000d1980000)
 Metaspace       used 48790K, committed 49664K, reserved 1097728K
  class space    used 5237K, committed 5568K, reserved 1048576K
}
Event: 18.419 GC heap after
{Heap after GC invocations=155 (full 10):
 PSYoungGen      total 59904K, used 19896K [0x00000000eab00000, 0x00000000efe80000, 0x0000000100000000)
  eden space 39936K, 0% used [0x00000000eab00000,0x00000000eab00000,0x00000000ed200000)
  from space 19968K, 99% used [0x00000000eeb00000,0x00000000efe6e0d0,0x00000000efe80000)
  to   space 21504K, 0% used [0x00000000ed480000,0x00000000ed480000,0x00000000ee980000)
 ParOldGen       total 288256K, used 272468K [0x00000000c0000000, 0x00000000d1980000, 0x00000000eab00000)
  object space 288256K, 94% used [0x00000000c0000000,0x00000000d0a150c8,0x00000000d1980000)
 Metaspace       used 48790K, committed 49664K, reserved 1097728K
  class space    used 5237K, committed 5568K, reserved 1048576K
}
Event: 18.674 GC heap before
{Heap before GC invocations=156 (full 10):
 PSYoungGen      total 59904K, used 59832K [0x00000000eab00000, 0x00000000efe80000, 0x0000000100000000)
  eden space 39936K, 100% used [0x00000000eab00000,0x00000000ed200000,0x00000000ed200000)
  from space 19968K, 99% used [0x00000000eeb00000,0x00000000efe6e0d0,0x00000000efe80000)
  to   space 21504K, 0% used [0x00000000ed480000,0x00000000ed480000,0x00000000ee980000)
 ParOldGen       total 288256K, used 272468K [0x00000000c0000000, 0x00000000d1980000, 0x00000000eab00000)
  object space 288256K, 94% used [0x00000000c0000000,0x00000000d0a150c8,0x00000000d1980000)
 Metaspace       used 48812K, committed 49728K, reserved 1097728K
  class space    used 5238K, committed 5568K, reserved 1048576K
}
Event: 18.689 GC heap after
{Heap after GC invocations=156 (full 10):
 PSYoungGen      total 64000K, used 21488K [0x00000000eab00000, 0x00000000f2200000, 0x0000000100000000)
  eden space 42496K, 0% used [0x00000000eab00000,0x00000000eab00000,0x00000000ed480000)
  from space 21504K, 99% used [0x00000000ed480000,0x00000000ee97c360,0x00000000ee980000)
  to   space 39424K, 0% used [0x00000000efb80000,0x00000000efb80000,0x00000000f2200000)
 ParOldGen       total 288256K, used 287184K [0x00000000c0000000, 0x00000000d1980000, 0x00000000eab00000)
  object space 288256K, 99% used [0x00000000c0000000,0x00000000d1874370,0x00000000d1980000)
 Metaspace       used 48812K, committed 49728K, reserved 1097728K
  class space    used 5238K, committed 5568K, reserved 1048576K
}
Event: 18.690 GC heap before
{Heap before GC invocations=157 (full 11):
 PSYoungGen      total 64000K, used 21488K [0x00000000eab00000, 0x00000000f2200000, 0x0000000100000000)
  eden space 42496K, 0% used [0x00000000eab00000,0x00000000eab00000,0x00000000ed480000)
  from space 21504K, 99% used [0x00000000ed480000,0x00000000ee97c360,0x00000000ee980000)
  to   space 39424K, 0% used [0x00000000efb80000,0x00000000efb80000,0x00000000f2200000)
 ParOldGen       total 288256K, used 287184K [0x00000000c0000000, 0x00000000d1980000, 0x00000000eab00000)
  object space 288256K, 99% used [0x00000000c0000000,0x00000000d1874370,0x00000000d1980000)
 Metaspace       used 48812K, committed 49728K, reserved 1097728K
  class space    used 5238K, committed 5568K, reserved 1048576K
}

